<?xml version="1.0" encoding="UTF-8"?>
<testng-results ignored="0" total="1" passed="1" failed="0" skipped="0">
  <reporter-output>
  </reporter-output>
  <suite started-at="2024-04-21T13:00:23Z" name="Default suite" finished-at="2024-04-21T13:00:23Z" duration-ms="21">
    <groups>
    </groups>
    <test started-at="2024-04-21T13:00:23Z" name="Default test" finished-at="2024-04-21T13:00:23Z" duration-ms="21">
      <class name="com.opencart.factory.DriverFactory">
        <test-method signature="fetchKeyValues()[pri:0, instance:com.opencart.factory.DriverFactory@21ba0741]" started-at="2024-04-21T18:30:23Z" name="fetchKeyValues" finished-at="2024-04-21T18:30:23Z" duration-ms="9" status="PASS">
          <reporter-output>
          </reporter-output>
        </test-method> <!-- fetchKeyValues -->
      </class> <!-- com.opencart.factory.DriverFactory -->
    </test> <!-- Default test -->
  </suite> <!-- Default suite -->
</testng-results>
