<?xml version="1.0" encoding="UTF-8"?>
<testng-results ignored="0" total="2" passed="2" failed="0" skipped="0">
  <reporter-output>
  </reporter-output>
  <suite started-at="2024-04-15T16:33:40Z" name="Testing" finished-at="2024-04-15T16:34:17Z" duration-ms="36806">
    <groups>
    </groups>
    <test started-at="2024-04-15T16:33:40Z" name="Regression" finished-at="2024-04-15T16:34:10Z" duration-ms="29858">
      <class name="com.opencart.tests.LoginPageTest">
        <test-method signature="startBrowser(java.lang.String, java.lang.String)[pri:0, instance:com.opencart.tests.LoginPageTest@61d6015a]" started-at="2024-04-15T22:03:40Z" name="startBrowser" finished-at="2024-04-15T22:04:10Z" duration-ms="29840" status="PASS">
          <params>
            <param index="0">
              <value>
                <![CDATA[https://www.softwaretestinghelp.com/testng-example-to-create-testng-xml/]]>
              </value>
            </param>
            <param index="1">
              <value>
                <![CDATA[chrome]]>
              </value>
            </param>
          </params>
          <reporter-output>
          </reporter-output>
        </test-method> <!-- startBrowser -->
      </class> <!-- com.opencart.tests.LoginPageTest -->
    </test> <!-- Regression -->
    <test started-at="2024-04-15T16:34:10Z" name="Login" finished-at="2024-04-15T16:34:17Z" duration-ms="6855">
      <class name="com.opencart.tests.LoginPageTest">
        <test-method signature="startBrowser(java.lang.String, java.lang.String)[pri:0, instance:com.opencart.tests.LoginPageTest@140c9f39]" started-at="2024-04-15T22:04:10Z" name="startBrowser" finished-at="2024-04-15T22:04:17Z" duration-ms="6844" status="PASS">
          <params>
            <param index="0">
              <value>
                <![CDATA[https://www.softwaretestinghelp.com/testng-example-to-create-testng-xml/]]>
              </value>
            </param>
            <param index="1">
              <value>
                <![CDATA[firefox]]>
              </value>
            </param>
          </params>
          <reporter-output>
          </reporter-output>
        </test-method> <!-- startBrowser -->
      </class> <!-- com.opencart.tests.LoginPageTest -->
    </test> <!-- Login -->
  </suite> <!-- Testing -->
</testng-results>
